#
# There is insufficient memory for the Java Runtime Environment to continue.
# Native memory allocation (malloc) failed to allocate 609856 bytes for Chunk::new
# Possible reasons:
#   The system is out of physical RAM or swap space
#   In 32 bit mode, the process size limit was hit
# Possible solutions:
#   Reduce memory load on the system
#   Increase physical memory or swap space
#   Check if swap backing store is full
#   Use 64 bit Java on a 64 bit OS
#   Decrease Java heap size (-Xmx/-Xms)
#   Decrease number of Java threads
#   Decrease Java thread stack sizes (-Xss)
#   Set larger code cache with -XX:ReservedCodeCacheSize=
# This output file may be truncated or incomplete.
#
#  Out of Memory Error (allocation.cpp:390), pid=4152, tid=11004
#
# JRE version: Java(TM) SE Runtime Environment (8.0_31-b13) (build 1.8.0_31-b13)
# Java VM: Java HotSpot(TM) 64-Bit Server VM (25.31-b07 mixed mode windows-amd64 compressed oops)
# Failed to write core dump. Minidumps are not enabled by default on client versions of Windows
#

---------------  T H R E A D  ---------------

Current thread (0x000000001725b000):  JavaThread "C2 CompilerThread0" daemon [_thread_in_native, id=11004, stack(0x00000000187c0000,0x00000000188c0000)]

Stack: [0x00000000187c0000,0x00000000188c0000]
Native frames: (J=compiled Java code, j=interpreted, Vv=VM code, C=native code)
V  [jvm.dll+0x3169ba]


Current CompileTask:
C2:   1126  706       4       com.android.dx.ssa.SsaBasicBlock::forEachInsn (37 bytes)


---------------  P R O C E S S  ---------------

Java Threads: ( => current thread )
  0x000000001742a000 JavaThread "pool-1-thread-4" [_thread_blocked, id=8808, stack(0x00000000191c0000,0x00000000192c0000)]
  0x0000000017424800 JavaThread "pool-1-thread-3" [_thread_blocked, id=4420, stack(0x00000000190c0000,0x00000000191c0000)]
  0x000000001741b000 JavaThread "pool-1-thread-2" [_thread_blocked, id=6712, stack(0x0000000018fc0000,0x00000000190c0000)]
  0x000000001741a000 JavaThread "pool-2-thread-1" [_thread_blocked, id=6108, stack(0x0000000018ec0000,0x0000000018fc0000)]
  0x0000000017419800 JavaThread "pool-1-thread-1" [_thread_blocked, id=1484, stack(0x0000000018dc0000,0x0000000018ec0000)]
  0x00000000172b9000 JavaThread "Service Thread" daemon [_thread_blocked, id=6836, stack(0x0000000018bc0000,0x0000000018cc0000)]
  0x00000000172b3000 JavaThread "C1 CompilerThread3" daemon [_thread_in_native, id=10932, stack(0x0000000018ac0000,0x0000000018bc0000)]
  0x00000000172b2800 JavaThread "C2 CompilerThread2" daemon [_thread_blocked, id=6960, stack(0x00000000189c0000,0x0000000018ac0000)]
  0x00000000172ae800 JavaThread "C2 CompilerThread1" daemon [_thread_blocked, id=5028, stack(0x00000000188c0000,0x00000000189c0000)]
=>0x000000001725b000 JavaThread "C2 CompilerThread0" daemon [_thread_in_native, id=11004, stack(0x00000000187c0000,0x00000000188c0000)]
  0x0000000017259000 JavaThread "Attach Listener" daemon [_thread_blocked, id=2508, stack(0x00000000186c0000,0x00000000187c0000)]
  0x0000000017258000 JavaThread "Signal Dispatcher" daemon [_thread_blocked, id=10256, stack(0x00000000185c0000,0x00000000186c0000)]
  0x0000000002e6a800 JavaThread "Finalizer" daemon [_thread_blocked, id=10900, stack(0x00000000184c0000,0x00000000185c0000)]
  0x0000000015b8b800 JavaThread "Reference Handler" daemon [_thread_blocked, id=10512, stack(0x00000000183c0000,0x00000000184c0000)]
  0x0000000002c6d800 JavaThread "main" [_thread_blocked, id=9500, stack(0x0000000002c70000,0x0000000002d70000)]

Other Threads:
  0x0000000015b85800 VMThread [stack: 0x00000000182c0000,0x00000000183c0000] [id=11732]
  0x00000000172b9800 WatcherThread [stack: 0x0000000018cc0000,0x0000000018dc0000] [id=4696]

VM state:not at safepoint (normal execution)

VM Mutex/Monitor currently owned by a thread: None

Heap:
 PSYoungGen      total 76288K, used 18609K [0x00000000eab00000, 0x00000000f0000000, 0x0000000100000000)
  eden space 65536K, 28% used [0x00000000eab00000,0x00000000ebd2c670,0x00000000eeb00000)
  from space 10752K, 0% used [0x00000000ef580000,0x00000000ef580000,0x00000000f0000000)
  to   space 10752K, 0% used [0x00000000eeb00000,0x00000000eeb00000,0x00000000ef580000)
 ParOldGen       total 175104K, used 0K [0x00000000c0000000, 0x00000000cab00000, 0x00000000eab00000)
  object space 175104K, 0% used [0x00000000c0000000,0x00000000c0000000,0x00000000cab00000)
 Metaspace       used 5462K, capacity 6640K, committed 6784K, reserved 1056768K
  class space    used 575K, capacity 616K, committed 640K, reserved 1048576K

Card table byte_map: [0x0000000012230000,0x0000000012440000] byte_map_base: 0x0000000011c30000

Marking Bits: (ParMarkBitMap*) 0x000000006fa1d4f0
 Begin Bits: [0x0000000012fa0000, 0x0000000013fa0000)
 End Bits:   [0x0000000013fa0000, 0x0000000014fa0000)

Polling page: 0x0000000001340000

CodeCache: size=245760Kb used=2789Kb max_used=2789Kb free=242970Kb
 bounds [0x0000000002e70000, 0x0000000003130000, 0x0000000011e70000]
 total_blobs=1002 nmethods=738 adapters=178
 compilation: enabled

Compilation events (10 events):
Event: 1.121 Thread 0x00000000172b3000 nmethod 747 0x0000000003120490 code [0x0000000003120620, 0x0000000003120998]
Event: 1.121 Thread 0x00000000172b3000  748       3       com.android.dx.ssa.SetFactory::makeInterferenceSet (26 bytes)
Event: 1.122 Thread 0x00000000172b3000 nmethod 748 0x0000000003120b90 code [0x0000000003120d20, 0x0000000003121128]
Event: 1.122 Thread 0x00000000172b3000  730   !   3       com.android.dx.ssa.LocalVariableInfo::setStarts (40 bytes)
Event: 1.122 Thread 0x00000000172b3000 nmethod 730 0x0000000003121310 code [0x00000000031214c0, 0x0000000003121ae8]
Event: 1.122 Thread 0x00000000172b3000  739       3       com.android.dx.ssa.Dominators::getPreds (17 bytes)
Event: 1.122 Thread 0x00000000172b3000 nmethod 739 0x0000000003121e10 code [0x0000000003121f80, 0x0000000003122250]
Event: 1.122 Thread 0x00000000172b3000  758       3       com.android.dx.cf.code.BaseMachine::storeResults (90 bytes)
Event: 1.123 Thread 0x00000000172b3000 nmethod 758 0x0000000003122310 code [0x0000000003122500, 0x0000000003122f68]
Event: 1.123 Thread 0x00000000172b3000  756       3       com.android.dx.cf.code.RopperMachine::getSources (264 bytes)

GC Heap History (0 events):
No events

Deoptimization events (0 events):
No events

Internal exceptions (10 events):
Event: 0.857 Thread 0x000000001741b000 Exception <a 'java/security/PrivilegedActionException'> (0x00000000eb932098) thrown at [C:\workspace\8-2-build-windows-amd64-cygwin\jdk8u31\2394\hotspot\src\share\vm\prims\jvm.cpp, line 1312]
Event: 0.858 Thread 0x000000001741b000 Exception <a 'java/security/PrivilegedActionException'> (0x00000000eb935570) thrown at [C:\workspace\8-2-build-windows-amd64-cygwin\jdk8u31\2394\hotspot\src\share\vm\prims\jvm.cpp, line 1312]
Event: 0.859 Thread 0x000000001741b000 Exception <a 'java/security/PrivilegedActionException'> (0x00000000eb93b728) thrown at [C:\workspace\8-2-build-windows-amd64-cygwin\jdk8u31\2394\hotspot\src\share\vm\prims\jvm.cpp, line 1312]
Event: 0.859 Thread 0x000000001741b000 Exception <a 'java/security/PrivilegedActionException'> (0x00000000eb93e590) thrown at [C:\workspace\8-2-build-windows-amd64-cygwin\jdk8u31\2394\hotspot\src\share\vm\prims\jvm.cpp, line 1312]
Event: 0.860 Thread 0x000000001741b000 Exception <a 'java/security/PrivilegedActionException'> (0x00000000eb941890) thrown at [C:\workspace\8-2-build-windows-amd64-cygwin\jdk8u31\2394\hotspot\src\share\vm\prims\jvm.cpp, line 1312]
Event: 0.865 Thread 0x000000001741b000 Exception <a 'java/security/PrivilegedActionException'> (0x00000000eb94ab10) thrown at [C:\workspace\8-2-build-windows-amd64-cygwin\jdk8u31\2394\hotspot\src\share\vm\prims\jvm.cpp, line 1312]
Event: 0.865 Thread 0x000000001741b000 Exception <a 'java/security/PrivilegedActionException'> (0x00000000eb94f0b8) thrown at [C:\workspace\8-2-build-windows-amd64-cygwin\jdk8u31\2394\hotspot\src\share\vm\prims\jvm.cpp, line 1312]
Event: 0.892 Thread 0x000000001741b000 Exception <a 'java/security/PrivilegedActionException'> (0x00000000eb9974b8) thrown at [C:\workspace\8-2-build-windows-amd64-cygwin\jdk8u31\2394\hotspot\src\share\vm\prims\jvm.cpp, line 1312]
Event: 0.894 Thread 0x000000001741b000 Exception <a 'java/security/PrivilegedActionException'> (0x00000000eb99e5d8) thrown at [C:\workspace\8-2-build-windows-amd64-cygwin\jdk8u31\2394\hotspot\src\share\vm\prims\jvm.cpp, line 1312]
Event: 0.937 Thread 0x0000000017424800 Exception <a 'java/security/PrivilegedActionException'> (0x00000000eb629e70) thrown at [C:\workspace\8-2-build-windows-amd64-cygwin\jdk8u31\2394\hotspot\src\share\vm\prims\jvm.cpp, line 1312]

Events (10 events):
Event: 0.892 loading class com/android/dx/ssa/PhiInsn$Operand
Event: 0.892 loading class com/android/dx/ssa/PhiInsn$Operand done
Event: 0.894 loading class com/android/dx/ssa/back/FirstFitLocalCombiningAllocator$Multiset
Event: 0.894 loading class com/android/dx/ssa/back/FirstFitLocalCombiningAllocator$Multiset done
Event: 0.937 loading class com/android/dx/cf/code/SwitchList
Event: 0.937 loading class com/android/dx/cf/code/SwitchList done
Event: 0.951 loading class java/util/ArrayList$1
Event: 0.951 loading class java/util/ArrayList$1 done
Event: 0.963 Executing VM operation: ForceSafepoint
Event: 1.104 Executing VM operation: ForceSafepoint done


Dynamic libraries:
0x00007ff670060000 - 0x00007ff670094000 	C:\Program Files\Java\jdk1.8.0_31\bin\java.exe
0x00007ff9d1e40000 - 0x00007ff9d2001000 	C:\WINDOWS\SYSTEM32\ntdll.dll
0x00007ff9d1c70000 - 0x00007ff9d1d1d000 	C:\WINDOWS\system32\KERNEL32.DLL
0x00007ff9cead0000 - 0x00007ff9cecad000 	C:\WINDOWS\system32\KERNELBASE.dll
0x00007ff9d1870000 - 0x00007ff9d1916000 	C:\WINDOWS\system32\ADVAPI32.dll
0x00007ff9d1bd0000 - 0x00007ff9d1c6d000 	C:\WINDOWS\system32\msvcrt.dll
0x00007ff9cf510000 - 0x00007ff9cf56b000 	C:\WINDOWS\system32\sechost.dll
0x00007ff9cf570000 - 0x00007ff9cf696000 	C:\WINDOWS\system32\RPCRT4.dll
0x00007ff9cf710000 - 0x00007ff9cf85e000 	C:\WINDOWS\system32\USER32.dll
0x00007ff9cfa10000 - 0x00007ff9cfb96000 	C:\WINDOWS\system32\GDI32.dll
0x00007ff9c9420000 - 0x00007ff9c9694000 	C:\WINDOWS\WinSxS\amd64_microsoft.windows.common-controls_6595b64144ccf1df_6.0.10240.16384_none_f41f7b285750ef43\COMCTL32.dll
0x00007ff9d0300000 - 0x00007ff9d0336000 	C:\WINDOWS\system32\IMM32.DLL
0x00007ff9d01a0000 - 0x00007ff9d02fc000 	C:\WINDOWS\system32\MSCTF.dll
0x000000006ed90000 - 0x000000006ee62000 	C:\Program Files\Java\jdk1.8.0_31\jre\bin\msvcr100.dll
0x000000006f240000 - 0x000000006fa9a000 	C:\Program Files\Java\jdk1.8.0_31\jre\bin\server\jvm.dll
0x00007ff9d1bb0000 - 0x00007ff9d1bb8000 	C:\WINDOWS\system32\PSAPI.DLL
0x00007ff9cc760000 - 0x00007ff9cc769000 	C:\WINDOWS\SYSTEM32\WSOCK32.dll
0x00007ff9cf6a0000 - 0x00007ff9cf709000 	C:\WINDOWS\system32\WS2_32.dll
0x00007ff9d0040000 - 0x00007ff9d0048000 	C:\WINDOWS\system32\NSI.dll
0x00007ff9ccc50000 - 0x00007ff9ccc73000 	C:\WINDOWS\SYSTEM32\WINMM.dll
0x00007ff9ccbf0000 - 0x00007ff9ccc1c000 	C:\WINDOWS\SYSTEM32\WINMMBASE.dll
0x00007ff9cea80000 - 0x00007ff9ceac4000 	C:\WINDOWS\system32\cfgmgr32.dll
0x00007ff9cd1e0000 - 0x00007ff9cd207000 	C:\WINDOWS\SYSTEM32\DEVOBJ.dll
0x000000006f230000 - 0x000000006f23f000 	C:\Program Files\Java\jdk1.8.0_31\jre\bin\verify.dll
0x000000006f200000 - 0x000000006f228000 	C:\Program Files\Java\jdk1.8.0_31\jre\bin\java.dll
0x000000006f1e0000 - 0x000000006f1f6000 	C:\Program Files\Java\jdk1.8.0_31\jre\bin\zip.dll
0x00007ff9d0340000 - 0x00007ff9d1862000 	C:\WINDOWS\system32\SHELL32.dll
0x00007ff9ceee0000 - 0x00007ff9cf508000 	C:\WINDOWS\system32\windows.storage.dll
0x00007ff9cfba0000 - 0x00007ff9cfe1c000 	C:\WINDOWS\system32\combase.dll
0x00007ff9d1de0000 - 0x00007ff9d1e31000 	C:\WINDOWS\system32\shlwapi.dll
0x00007ff9ce8b0000 - 0x00007ff9ce8bf000 	C:\WINDOWS\system32\kernel.appcore.dll
0x00007ff9ce910000 - 0x00007ff9ce9c3000 	C:\WINDOWS\system32\shcore.dll
0x00007ff9ce8c0000 - 0x00007ff9ce90a000 	C:\WINDOWS\system32\powrprof.dll
0x00007ff9ce890000 - 0x00007ff9ce8a3000 	C:\WINDOWS\system32\profapi.dll

VM Arguments:
jvm_args: -Xmx1024M -Dfile.encoding=windows-1252 -Duser.country=US -Duser.language=en -Duser.variant 
java_command: com.android.dx.command.Main --dex --num-threads=4 --output C:\Users\Justin\AndroidStudioProjects\FingerprintDialog\Application\build\intermediates\pre-dexed\debug\classes-f9d3161c536eef4a5f131f36619143754de93e46.jar C:\Users\Justin\AndroidStudioProjects\FingerprintDialog\Application\build\intermediates\exploded-aar\com.android.support\cardview-v7\23.0.0\jars\classes.jar
java_class_path (initial): C:\Users\Justin\AppData\Local\Android\sdk\build-tools\23.0.1\lib\dx.jar
Launcher Type: SUN_STANDARD

Environment Variables:
PATH=C:\Program Files\NVIDIA GPU Computing Toolkit\CUDA\v7.0\bin;C:\Program Files\NVIDIA GPU Computing Toolkit\CUDA\v7.0\libnvvp;;C:\ProgramData\Oracle\Java\javapath;C:\Windows\system32;C:\Windows;C:\Windows\System32\Wbem;C:\Windows\System32\WindowsPowerShell\v1.0\;C:\Program Files\Microsoft SQL Server\110\Tools\Binn\;C:\Program Files (x86)\Microsoft SDKs\TypeScript\1.0\;C:\Program Files\Microsoft SQL Server\120\Tools\Binn\;C:\FPC\2.6.4\bin\i386-Win32;C:\Program Files (x86)\nodejs\;C:\Program Files (x86)\Windows Kits\8.1\Windows Performance Toolkit\;C:\Program Files (x86)\NVIDIA Corporation\PhysX\Common;C:\Program Files (x86)\Skype\Phone\;C:\WINDOWS\system32;C:\WINDOWS;C:\WINDOWS\System32\Wbem;C:\WINDOWS\System32\WindowsPowerShell\v1.0\;C:\Program Files\Common Files\Autodesk Shared\;C:\Ruby193\bin;C:\Users\Justin\AppData\Roaming\npm;C:\Users\Justin\Documents\GitHub\android-ndk-r10e;C:\Users\Justin\AppData\Local\Android\sdk\platform-tools
USERNAME=Justin
OS=Windows_NT
PROCESSOR_IDENTIFIER=Intel64 Family 6 Model 63 Stepping 2, GenuineIntel



---------------  S Y S T E M  ---------------

OS: Windows 8.1 , 64 bit Build 9600 

CPU:total 12 (6 cores per cpu, 2 threads per core) family 6 model 63 stepping 2, cmov, cx8, fxsr, mmx, sse, sse2, sse3, ssse3, sse4.1, sse4.2, popcnt, avx, avx2, aes, clmul, erms, lzcnt, ht, tsc, tscinvbit, bmi1, bmi2

Memory: 4k page, physical 16670100k(5888148k free), swap 16670100k(3964k free)

vm_info: Java HotSpot(TM) 64-Bit Server VM (25.31-b07) for windows-amd64 JRE (1.8.0_31-b13), built on Dec 17 2014 21:00:28 by "java_re" with MS VC++ 10.0 (VS2010)

time: Tue Oct 20 22:16:49 2015
elapsed time: 1 seconds (0d 0h 0m 1s)

