#
# There is insufficient memory for the Java Runtime Environment to continue.
# Native memory allocation (malloc) failed to allocate 65552 bytes for Chunk::new
# Possible reasons:
#   The system is out of physical RAM or swap space
#   In 32 bit mode, the process size limit was hit
# Possible solutions:
#   Reduce memory load on the system
#   Increase physical memory or swap space
#   Check if swap backing store is full
#   Use 64 bit Java on a 64 bit OS
#   Decrease Java heap size (-Xmx/-Xms)
#   Decrease number of Java threads
#   Decrease Java thread stack sizes (-Xss)
#   Set larger code cache with -XX:ReservedCodeCacheSize=
# This output file may be truncated or incomplete.
#
#  Out of Memory Error (allocation.cpp:390), pid=9584, tid=10060
#
# JRE version: Java(TM) SE Runtime Environment (8.0_31-b13) (build 1.8.0_31-b13)
# Java VM: Java HotSpot(TM) 64-Bit Server VM (25.31-b07 mixed mode windows-amd64 compressed oops)
# Failed to write core dump. Minidumps are not enabled by default on client versions of Windows
#

---------------  T H R E A D  ---------------

Current thread (0x0000000017409000):  JavaThread "C2 CompilerThread2" daemon [_thread_in_native, id=10060, stack(0x0000000018b60000,0x0000000018c60000)]

Stack: [0x0000000018b60000,0x0000000018c60000]
Native frames: (J=compiled Java code, j=interpreted, Vv=VM code, C=native code)
V  [jvm.dll+0x3169ba]


Current CompileTask:
C2:   1124 1077       4       com.android.dx.ssa.NormalSsaInsn::accept (25 bytes)


---------------  P R O C E S S  ---------------

Java Threads: ( => current thread )
  0x00000000176b6800 JavaThread "pool-1-thread-4" [_thread_in_Java, id=7828, stack(0x0000000019360000,0x0000000019460000)]
  0x000000001760b000 JavaThread "pool-2-thread-1" [_thread_blocked, id=9148, stack(0x0000000019060000,0x0000000019160000)]
  0x000000001760a000 JavaThread "pool-1-thread-1" [_thread_in_Java, id=11508, stack(0x0000000018f60000,0x0000000019060000)]
  0x0000000017499000 JavaThread "Service Thread" daemon [_thread_blocked, id=8316, stack(0x0000000018d60000,0x0000000018e60000)]
  0x0000000017458800 JavaThread "C1 CompilerThread3" daemon [_thread_in_native, id=6776, stack(0x0000000018c60000,0x0000000018d60000)]
=>0x0000000017409000 JavaThread "C2 CompilerThread2" daemon [_thread_in_native, id=10060, stack(0x0000000018b60000,0x0000000018c60000)]
  0x00000000173fb000 JavaThread "C2 CompilerThread1" daemon [_thread_in_native, id=3056, stack(0x0000000018a60000,0x0000000018b60000)]
  0x0000000017406000 JavaThread "C2 CompilerThread0" daemon [_thread_in_native, id=1732, stack(0x0000000018960000,0x0000000018a60000)]
  0x0000000017404000 JavaThread "Attach Listener" daemon [_thread_blocked, id=10776, stack(0x0000000018860000,0x0000000018960000)]
  0x0000000017403000 JavaThread "Signal Dispatcher" daemon [_thread_blocked, id=7744, stack(0x0000000018760000,0x0000000018860000)]
  0x0000000015d2c000 JavaThread "Finalizer" daemon [_thread_blocked, id=10396, stack(0x0000000018660000,0x0000000018760000)]
  0x0000000015d2b000 JavaThread "Reference Handler" daemon [_thread_blocked, id=10232, stack(0x0000000018560000,0x0000000018660000)]
  0x0000000002c2d800 JavaThread "main" [_thread_blocked, id=4600, stack(0x0000000002e10000,0x0000000002f10000)]

Other Threads:
  0x00000000173d2800 VMThread [stack: 0x0000000018460000,0x0000000018560000] [id=6860]
  0x000000001749a000 WatcherThread [stack: 0x0000000018e60000,0x0000000018f60000] [id=6076]

VM state:not at safepoint (normal execution)

VM Mutex/Monitor currently owned by a thread: None

Heap:
 PSYoungGen      total 76288K, used 26218K [0x00000000eab00000, 0x00000000f0000000, 0x0000000100000000)
  eden space 65536K, 40% used [0x00000000eab00000,0x00000000ec49aa60,0x00000000eeb00000)
  from space 10752K, 0% used [0x00000000ef580000,0x00000000ef580000,0x00000000f0000000)
  to   space 10752K, 0% used [0x00000000eeb00000,0x00000000eeb00000,0x00000000ef580000)
 ParOldGen       total 175104K, used 0K [0x00000000c0000000, 0x00000000cab00000, 0x00000000eab00000)
  object space 175104K, 0% used [0x00000000c0000000,0x00000000c0000000,0x00000000cab00000)
 Metaspace       used 5742K, capacity 6832K, committed 7040K, reserved 1056768K
  class space    used 579K, capacity 616K, committed 640K, reserved 1048576K

Card table byte_map: [0x00000000123d0000,0x00000000125e0000] byte_map_base: 0x0000000011dd0000

Marking Bits: (ParMarkBitMap*) 0x000000006fa1d4f0
 Begin Bits: [0x0000000013140000, 0x0000000014140000)
 End Bits:   [0x0000000014140000, 0x0000000015140000)

Polling page: 0x0000000002ba0000

CodeCache: size=245760Kb used=4233Kb max_used=4233Kb free=241527Kb
 bounds [0x0000000003010000, 0x0000000003440000, 0x0000000012010000]
 total_blobs=1348 nmethods=1084 adapters=178
 compilation: enabled

Compilation events (10 events):
Event: 1.118 Thread 0x0000000017458800 nmethod 1090 0x0000000003429d50 code [0x0000000003429ec0, 0x000000000342a190]
Event: 1.118 Thread 0x0000000017458800 1086       3       com.android.dx.dex.code.RopTranslator$TranslationVisitor::visitThrowingCstInsn (225 bytes)
Event: 1.120 Thread 0x0000000017458800 nmethod 1086 0x000000000342a250 code [0x000000000342a5c0, 0x000000000342c7a8]
Event: 1.120 Thread 0x0000000017458800 1091       3       com.android.dx.cf.code.BaseMachine::auxCstArg (20 bytes)
Event: 1.120 Thread 0x0000000017458800 nmethod 1091 0x000000000342d950 code [0x000000000342dac0, 0x000000000342dd08]
Event: 1.120 Thread 0x0000000017458800 1092       3       com.android.dx.cf.code.Simulator$SimVisitor::visitConstant (332 bytes)
Event: 1.121 Thread 0x0000000017458800 nmethod 1092 0x000000000342ddd0 code [0x000000000342e100, 0x000000000342fff8]
Event: 1.121 Thread 0x0000000017458800 1100       3       com.android.dx.ssa.SCCP::simulatePhi (169 bytes)
Event: 1.122 Thread 0x0000000017458800 nmethod 1100 0x0000000003430c50 code [0x0000000003430ec0, 0x0000000003432038]
Event: 1.122 Thread 0x0000000017458800 1062  s    3       com.android.dx.dex.file.MethodIdsSection::intern (55 bytes)

GC Heap History (0 events):
No events

Deoptimization events (5 events):
Event: 1.103 Thread 0x00000000176af000 Uncommon trap: reason=class_check action=maybe_recompile pc=0x00000000032f7308 method=com.android.dx.ssa.NormalSsaInsn.accept(Lcom/android/dx/ssa/SsaInsn$Visitor;)V @ 9
Event: 1.103 Thread 0x00000000176af000 Uncommon trap: reason=class_check action=maybe_recompile pc=0x00000000032f7308 method=com.android.dx.ssa.NormalSsaInsn.accept(Lcom/android/dx/ssa/SsaInsn$Visitor;)V @ 9
Event: 1.103 Thread 0x00000000176af000 Uncommon trap: reason=class_check action=maybe_recompile pc=0x00000000032f7308 method=com.android.dx.ssa.NormalSsaInsn.accept(Lcom/android/dx/ssa/SsaInsn$Visitor;)V @ 9
Event: 1.103 Thread 0x00000000176af000 Uncommon trap: reason=class_check action=maybe_recompile pc=0x00000000032f7308 method=com.android.dx.ssa.NormalSsaInsn.accept(Lcom/android/dx/ssa/SsaInsn$Visitor;)V @ 9
Event: 1.103 Thread 0x00000000176af000 Uncommon trap: reason=class_check action=maybe_recompile pc=0x0000000003234db0 method=com.android.dx.ssa.NormalSsaInsn.accept(Lcom/android/dx/ssa/SsaInsn$Visitor;)V @ 9

Internal exceptions (10 events):
Event: 0.534 Thread 0x00000000176b6800 Exception <a 'java/security/PrivilegedActionException'> (0x00000000eb7ceed8) thrown at [C:\workspace\8-2-build-windows-amd64-cygwin\jdk8u31\2394\hotspot\src\share\vm\prims\jvm.cpp, line 1312]
Event: 0.535 Thread 0x00000000176a9000 Exception <a 'java/security/PrivilegedActionException'> (0x00000000eb3c0330) thrown at [C:\workspace\8-2-build-windows-amd64-cygwin\jdk8u31\2394\hotspot\src\share\vm\prims\jvm.cpp, line 1312]
Event: 0.535 Thread 0x00000000176b6800 Exception <a 'java/security/PrivilegedActionException'> (0x00000000eb7d40c0) thrown at [C:\workspace\8-2-build-windows-amd64-cygwin\jdk8u31\2394\hotspot\src\share\vm\prims\jvm.cpp, line 1312]
Event: 0.537 Thread 0x00000000176a9000 Exception <a 'java/security/PrivilegedActionException'> (0x00000000eb3c9830) thrown at [C:\workspace\8-2-build-windows-amd64-cygwin\jdk8u31\2394\hotspot\src\share\vm\prims\jvm.cpp, line 1312]
Event: 0.539 Thread 0x0000000002c2d800 Exception <a 'java/security/PrivilegedActionException'> (0x00000000eb6b3cf0) thrown at [C:\workspace\8-2-build-windows-amd64-cygwin\jdk8u31\2394\hotspot\src\share\vm\prims\jvm.cpp, line 1312]
Event: 0.564 Thread 0x00000000176b6800 Exception <a 'java/security/PrivilegedActionException'> (0x00000000eb7ee1b0) thrown at [C:\workspace\8-2-build-windows-amd64-cygwin\jdk8u31\2394\hotspot\src\share\vm\prims\jvm.cpp, line 1312]
Event: 0.566 Thread 0x00000000176b6800 Exception <a 'java/security/PrivilegedActionException'> (0x00000000eb7f72d8) thrown at [C:\workspace\8-2-build-windows-amd64-cygwin\jdk8u31\2394\hotspot\src\share\vm\prims\jvm.cpp, line 1312]
Event: 0.575 Thread 0x000000001760a000 Exception <a 'java/security/PrivilegedActionException'> (0x00000000eb5dd2b8) thrown at [C:\workspace\8-2-build-windows-amd64-cygwin\jdk8u31\2394\hotspot\src\share\vm\prims\jvm.cpp, line 1312]
Event: 0.915 Thread 0x000000001760a000 Exception <a 'java/security/PrivilegedActionException'> (0x00000000eb676168) thrown at [C:\workspace\8-2-build-windows-amd64-cygwin\jdk8u31\2394\hotspot\src\share\vm\prims\jvm.cpp, line 1312]
Event: 1.109 Thread 0x000000001760a000 Exception <a 'java/security/PrivilegedActionException'> (0x00000000ebef13f8) thrown at [C:\workspace\8-2-build-windows-amd64-cygwin\jdk8u31\2394\hotspot\src\share\vm\prims\jvm.cpp, line 1312]

Events (10 events):
Event: 1.105 loading class java/util/DualPivotQuicksort
Event: 1.105 loading class java/util/DualPivotQuicksort done
Event: 1.109 loading class com/android/dx/rop/code/RegOps
Event: 1.109 loading class com/android/dx/rop/code/RegOps done
Event: 1.112 loading class java/util/HashMap$KeySet
Event: 1.112 loading class java/util/HashMap$KeySet done
Event: 1.112 loading class java/util/HashMap$KeyIterator
Event: 1.112 loading class java/util/HashMap$KeyIterator done
Event: 1.121 Thread 0x00000000176af000 Thread exited: 0x00000000176af000
Event: 1.122 Thread 0x00000000176a9000 Thread exited: 0x00000000176a9000


Dynamic libraries:
0x00007ff670060000 - 0x00007ff670094000 	C:\Program Files\Java\jdk1.8.0_31\bin\java.exe
0x00007ff9d1e40000 - 0x00007ff9d2001000 	C:\WINDOWS\SYSTEM32\ntdll.dll
0x00007ff9d1c70000 - 0x00007ff9d1d1d000 	C:\WINDOWS\system32\KERNEL32.DLL
0x00007ff9cead0000 - 0x00007ff9cecad000 	C:\WINDOWS\system32\KERNELBASE.dll
0x00007ff9d1870000 - 0x00007ff9d1916000 	C:\WINDOWS\system32\ADVAPI32.dll
0x00007ff9d1bd0000 - 0x00007ff9d1c6d000 	C:\WINDOWS\system32\msvcrt.dll
0x00007ff9cf510000 - 0x00007ff9cf56b000 	C:\WINDOWS\system32\sechost.dll
0x00007ff9cf570000 - 0x00007ff9cf696000 	C:\WINDOWS\system32\RPCRT4.dll
0x00007ff9cf710000 - 0x00007ff9cf85e000 	C:\WINDOWS\system32\USER32.dll
0x00007ff9cfa10000 - 0x00007ff9cfb96000 	C:\WINDOWS\system32\GDI32.dll
0x00007ff9c9420000 - 0x00007ff9c9694000 	C:\WINDOWS\WinSxS\amd64_microsoft.windows.common-controls_6595b64144ccf1df_6.0.10240.16384_none_f41f7b285750ef43\COMCTL32.dll
0x00007ff9d0300000 - 0x00007ff9d0336000 	C:\WINDOWS\system32\IMM32.DLL
0x00007ff9d01a0000 - 0x00007ff9d02fc000 	C:\WINDOWS\system32\MSCTF.dll
0x000000006ed90000 - 0x000000006ee62000 	C:\Program Files\Java\jdk1.8.0_31\jre\bin\msvcr100.dll
0x000000006f240000 - 0x000000006fa9a000 	C:\Program Files\Java\jdk1.8.0_31\jre\bin\server\jvm.dll
0x00007ff9d1bb0000 - 0x00007ff9d1bb8000 	C:\WINDOWS\system32\PSAPI.DLL
0x00007ff9cc760000 - 0x00007ff9cc769000 	C:\WINDOWS\SYSTEM32\WSOCK32.dll
0x00007ff9ccc50000 - 0x00007ff9ccc73000 	C:\WINDOWS\SYSTEM32\WINMM.dll
0x00007ff9cf6a0000 - 0x00007ff9cf709000 	C:\WINDOWS\system32\WS2_32.dll
0x00007ff9d0040000 - 0x00007ff9d0048000 	C:\WINDOWS\system32\NSI.dll
0x00007ff9ccbf0000 - 0x00007ff9ccc1c000 	C:\WINDOWS\SYSTEM32\WINMMBASE.dll
0x00007ff9cea80000 - 0x00007ff9ceac4000 	C:\WINDOWS\system32\cfgmgr32.dll
0x00007ff9cd1e0000 - 0x00007ff9cd207000 	C:\WINDOWS\SYSTEM32\DEVOBJ.dll
0x000000006f230000 - 0x000000006f23f000 	C:\Program Files\Java\jdk1.8.0_31\jre\bin\verify.dll
0x000000006f200000 - 0x000000006f228000 	C:\Program Files\Java\jdk1.8.0_31\jre\bin\java.dll
0x000000006f1e0000 - 0x000000006f1f6000 	C:\Program Files\Java\jdk1.8.0_31\jre\bin\zip.dll
0x00007ff9d0340000 - 0x00007ff9d1862000 	C:\WINDOWS\system32\SHELL32.dll
0x00007ff9ceee0000 - 0x00007ff9cf508000 	C:\WINDOWS\system32\windows.storage.dll
0x00007ff9cfba0000 - 0x00007ff9cfe1c000 	C:\WINDOWS\system32\combase.dll
0x00007ff9d1de0000 - 0x00007ff9d1e31000 	C:\WINDOWS\system32\shlwapi.dll
0x00007ff9ce8b0000 - 0x00007ff9ce8bf000 	C:\WINDOWS\system32\kernel.appcore.dll
0x00007ff9ce910000 - 0x00007ff9ce9c3000 	C:\WINDOWS\system32\shcore.dll
0x00007ff9ce8c0000 - 0x00007ff9ce90a000 	C:\WINDOWS\system32\powrprof.dll
0x00007ff9ce890000 - 0x00007ff9ce8a3000 	C:\WINDOWS\system32\profapi.dll

VM Arguments:
jvm_args: -Xmx1024M -Dfile.encoding=windows-1252 -Duser.country=US -Duser.language=en -Duser.variant 
java_command: com.android.dx.command.Main --dex --num-threads=4 --output C:\Users\Justin\AndroidStudioProjects\FingerprintDialog\Application\build\intermediates\pre-dexed\debug\hamcrest-core-1.3-960bad8c130ecd2199b8880c6cbd60a6c87838eb.jar C:\Users\Justin\.gradle\caches\modules-2\files-2.1\org.hamcrest\hamcrest-core\1.3\42a25dc3219429f0e5d060061f71acb49bf010a0\hamcrest-core-1.3.jar
java_class_path (initial): C:\Users\Justin\AppData\Local\Android\sdk\build-tools\23.0.1\lib\dx.jar
Launcher Type: SUN_STANDARD

Environment Variables:
PATH=C:\Program Files\NVIDIA GPU Computing Toolkit\CUDA\v7.0\bin;C:\Program Files\NVIDIA GPU Computing Toolkit\CUDA\v7.0\libnvvp;;C:\ProgramData\Oracle\Java\javapath;C:\Windows\system32;C:\Windows;C:\Windows\System32\Wbem;C:\Windows\System32\WindowsPowerShell\v1.0\;C:\Program Files\Microsoft SQL Server\110\Tools\Binn\;C:\Program Files (x86)\Microsoft SDKs\TypeScript\1.0\;C:\Program Files\Microsoft SQL Server\120\Tools\Binn\;C:\FPC\2.6.4\bin\i386-Win32;C:\Program Files (x86)\nodejs\;C:\Program Files (x86)\Windows Kits\8.1\Windows Performance Toolkit\;C:\Program Files (x86)\NVIDIA Corporation\PhysX\Common;C:\Program Files (x86)\Skype\Phone\;C:\WINDOWS\system32;C:\WINDOWS;C:\WINDOWS\System32\Wbem;C:\WINDOWS\System32\WindowsPowerShell\v1.0\;C:\Program Files\Common Files\Autodesk Shared\;C:\Ruby193\bin;C:\Users\Justin\AppData\Roaming\npm;C:\Users\Justin\Documents\GitHub\android-ndk-r10e;C:\Users\Justin\AppData\Local\Android\sdk\platform-tools
USERNAME=Justin
OS=Windows_NT
PROCESSOR_IDENTIFIER=Intel64 Family 6 Model 63 Stepping 2, GenuineIntel



---------------  S Y S T E M  ---------------

OS: Windows 8.1 , 64 bit Build 9600 

CPU:total 12 (6 cores per cpu, 2 threads per core) family 6 model 63 stepping 2, cmov, cx8, fxsr, mmx, sse, sse2, sse3, ssse3, sse4.1, sse4.2, popcnt, avx, avx2, aes, clmul, erms, lzcnt, ht, tsc, tscinvbit, bmi1, bmi2

Memory: 4k page, physical 16670100k(5873852k free), swap 16670100k(3964k free)

vm_info: Java HotSpot(TM) 64-Bit Server VM (25.31-b07) for windows-amd64 JRE (1.8.0_31-b13), built on Dec 17 2014 21:00:28 by "java_re" with MS VC++ 10.0 (VS2010)

time: Tue Oct 20 22:16:49 2015
elapsed time: 1 seconds (0d 0h 0m 1s)

